<?xml version="1.0" encoding="UTF-8"?>
<coverage generated="1762901712788" clover="3.2.0">
  <project timestamp="1762901712788" name="All files">
    <metrics statements="182" coveredstatements="137" conditionals="129" coveredconditionals="97" methods="35" coveredmethods="27" elements="346" coveredelements="261" complexity="0" loc="182" ncloc="182" packages="1" files="3" classes="3"/>
    <file name="babel-plugin.ts" path="/Users/danny/src/dead-code-deleter/instrument/src/babel-plugin.ts">
      <metrics statements="82" coveredstatements="71" conditionals="73" coveredconditionals="59" methods="16" coveredmethods="16"/>
      <line num="2" count="5" type="stmt"/>
      <line num="16" count="5" type="stmt"/>
      <line num="17" count="5" type="stmt"/>
      <line num="23" count="38" type="cond" truecount="1" falsecount="1"/>
      <line num="26" count="38" type="cond" truecount="0" falsecount="1"/>
      <line num="27" count="0" type="stmt"/>
      <line num="31" count="38" type="stmt"/>
      <line num="34" count="38" type="cond" truecount="1" falsecount="0"/>
      <line num="45" count="4" type="stmt"/>
      <line num="49" count="34" type="stmt"/>
      <line num="51" count="37" type="cond" truecount="3" falsecount="0"/>
      <line num="52" count="3" type="stmt"/>
      <line num="55" count="34" type="cond" truecount="3" falsecount="0"/>
      <line num="56" count="1" type="stmt"/>
      <line num="59" count="33" type="cond" truecount="1" falsecount="0"/>
      <line num="60" count="7" type="cond" truecount="2" falsecount="0"/>
      <line num="62" count="26" type="stmt"/>
      <line num="65" count="34" type="cond" truecount="1" falsecount="0"/>
      <line num="67" count="3" type="stmt"/>
      <line num="71" count="31" type="stmt"/>
      <line num="74" count="31" type="stmt"/>
      <line num="80" count="31" type="stmt"/>
      <line num="81" count="32" type="cond" truecount="2" falsecount="0"/>
      <line num="84" count="31" type="cond" truecount="1" falsecount="0"/>
      <line num="85" count="30" type="stmt"/>
      <line num="90" count="27" type="cond" truecount="2" falsecount="0"/>
      <line num="95" count="4" type="cond" truecount="2" falsecount="0"/>
      <line num="96" count="4" type="stmt"/>
      <line num="100" count="6" type="cond" truecount="2" falsecount="0"/>
      <line num="101" count="6" type="stmt"/>
      <line num="105" count="6" type="stmt"/>
      <line num="106" count="6" type="stmt"/>
      <line num="107" count="6" type="cond" truecount="1" falsecount="1"/>
      <line num="108" count="6" type="stmt"/>
      <line num="118" count="43" type="stmt"/>
      <line num="119" count="43" type="cond" truecount="0" falsecount="1"/>
      <line num="122" count="43" type="cond" truecount="1" falsecount="0"/>
      <line num="123" count="3" type="stmt"/>
      <line num="127" count="40" type="stmt"/>
      <line num="128" count="40" type="cond" truecount="1" falsecount="0"/>
      <line num="131" count="2" type="stmt"/>
      <line num="132" count="2" type="cond" truecount="1" falsecount="1"/>
      <line num="133" count="2" type="stmt"/>
      <line num="134" count="2" type="stmt"/>
      <line num="138" count="38" type="cond" truecount="3" falsecount="0"/>
      <line num="139" count="1" type="stmt"/>
      <line num="143" count="37" type="cond" truecount="1" falsecount="1"/>
      <line num="144" count="37" type="stmt"/>
      <line num="146" count="37" type="stmt"/>
      <line num="153" count="39" type="stmt"/>
      <line num="164" count="38" type="stmt"/>
      <line num="176" count="10" type="stmt"/>
      <line num="179" count="10" type="cond" truecount="3" falsecount="0"/>
      <line num="180" count="5" type="stmt"/>
      <line num="184" count="5" type="cond" truecount="0" falsecount="1"/>
      <line num="185" count="0" type="cond" truecount="0" falsecount="1"/>
      <line num="186" count="0" type="stmt"/>
      <line num="188" count="0" type="cond" truecount="0" falsecount="1"/>
      <line num="189" count="0" type="stmt"/>
      <line num="194" count="5" type="cond" truecount="3" falsecount="0"/>
      <line num="195" count="1" type="stmt"/>
      <line num="199" count="4" type="cond" truecount="1" falsecount="2"/>
      <line num="200" count="0" type="stmt"/>
      <line num="204" count="4" type="cond" truecount="0" falsecount="1"/>
      <line num="205" count="0" type="stmt"/>
      <line num="208" count="4" type="stmt"/>
      <line num="215" count="12" type="cond" truecount="2" falsecount="0"/>
      <line num="217" count="6" type="cond" truecount="0" falsecount="1"/>
      <line num="219" count="6" type="stmt"/>
      <line num="221" count="6" type="cond" truecount="3" falsecount="0"/>
      <line num="222" count="5" type="stmt"/>
      <line num="226" count="1" type="cond" truecount="1" falsecount="0"/>
      <line num="227" count="1" type="stmt"/>
      <line num="228" count="1" type="cond" truecount="3" falsecount="0"/>
      <line num="229" count="1" type="stmt"/>
      <line num="233" count="0" type="stmt"/>
      <line num="240" count="6" type="stmt"/>
      <line num="242" count="6" type="cond" truecount="1" falsecount="0"/>
      <line num="243" count="6" type="stmt"/>
      <line num="246" count="0" type="cond" truecount="0" falsecount="1"/>
      <line num="247" count="0" type="stmt"/>
      <line num="250" count="0" type="stmt"/>
    </file>
    <file name="next.ts" path="/Users/danny/src/dead-code-deleter/instrument/src/next.ts">
      <metrics statements="37" coveredstatements="18" conditionals="26" coveredconditionals="14" methods="7" coveredmethods="4"/>
      <line num="8" count="0" type="cond" truecount="0" falsecount="2"/>
      <line num="10" count="0" type="stmt"/>
      <line num="12" count="0" type="cond" truecount="0" falsecount="1"/>
      <line num="13" count="0" type="stmt"/>
      <line num="14" count="0" type="cond" truecount="0" falsecount="1"/>
      <line num="15" count="0" type="stmt"/>
      <line num="20" count="0" type="cond" truecount="0" falsecount="1"/>
      <line num="21" count="0" type="stmt"/>
      <line num="25" count="0" type="stmt"/>
      <line num="32" count="0" type="cond" truecount="0" falsecount="1"/>
      <line num="33" count="0" type="stmt"/>
      <line num="35" count="0" type="cond" truecount="0" falsecount="1"/>
      <line num="36" count="0" type="stmt"/>
      <line num="40" count="0" type="stmt"/>
      <line num="41" count="0" type="stmt"/>
      <line num="42" count="0" type="cond" truecount="0" falsecount="2"/>
      <line num="43" count="0" type="cond" truecount="0" falsecount="2"/>
      <line num="46" count="0" type="cond" truecount="0" falsecount="1"/>
      <line num="47" count="0" type="stmt"/>
      <line num="54" count="1" type="stmt"/>
      <line num="64" count="11" type="stmt"/>
      <line num="66" count="11" type="cond" truecount="1" falsecount="0"/>
      <line num="68" count="10" type="cond" truecount="2" falsecount="0"/>
      <line num="70" count="10" type="stmt"/>
      <line num="86" count="3" type="stmt"/>
      <line num="87" count="3" type="cond" truecount="1" falsecount="0"/>
      <line num="88" count="1" type="stmt"/>
      <line num="92" count="3" type="stmt"/>
      <line num="94" count="3" type="cond" truecount="1" falsecount="0"/>
      <line num="95" count="1" type="stmt"/>
      <line num="97" count="3" type="cond" truecount="1" falsecount="0"/>
      <line num="98" count="1" type="stmt"/>
      <line num="102" count="3" type="stmt"/>
      <line num="103" count="3" type="stmt"/>
      <line num="109" count="3" type="stmt"/>
      <line num="118" count="1" type="cond" truecount="1" falsecount="0"/>
      <line num="119" count="3" type="stmt"/>
    </file>
    <file name="runtime.ts" path="/Users/danny/src/dead-code-deleter/instrument/src/runtime.ts">
      <metrics statements="63" coveredstatements="48" conditionals="30" coveredconditionals="24" methods="12" coveredmethods="7"/>
      <line num="7" count="29" type="stmt"/>
      <line num="12" count="29" type="stmt"/>
      <line num="20" count="29" type="stmt"/>
      <line num="21" count="29" type="stmt"/>
      <line num="27" count="62" type="cond" truecount="1" falsecount="0"/>
      <line num="28" count="1" type="stmt"/>
      <line num="36" count="29" type="stmt"/>
      <line num="37" count="25" type="cond" truecount="1" falsecount="0"/>
      <line num="39" count="24" type="stmt"/>
      <line num="40" count="24" type="cond" truecount="2" falsecount="0"/>
      <line num="41" count="24" type="stmt"/>
      <line num="48" count="9" type="cond" truecount="1" falsecount="0"/>
      <line num="49" count="1" type="stmt"/>
      <line num="50" count="1" type="stmt"/>
      <line num="53" count="8" type="cond" truecount="1" falsecount="0"/>
      <line num="54" count="1" type="stmt"/>
      <line num="55" count="1" type="stmt"/>
      <line num="59" count="7" type="stmt"/>
      <line num="60" count="7" type="stmt"/>
      <line num="61" count="10" type="stmt"/>
      <line num="62" count="10" type="stmt"/>
      <line num="69" count="7" type="stmt"/>
      <line num="71" count="7" type="stmt"/>
      <line num="77" count="7" type="stmt"/>
      <line num="78" count="7" type="stmt"/>
      <line num="79" count="7" type="stmt"/>
      <line num="80" count="7" type="stmt"/>
      <line num="82" count="7" type="stmt"/>
      <line num="83" count="7" type="stmt"/>
      <line num="91" count="6" type="cond" truecount="2" falsecount="0"/>
      <line num="92" count="1" type="stmt"/>
      <line num="93" count="1" type="stmt"/>
      <line num="102" count="5" type="stmt"/>
      <line num="105" count="1" type="stmt"/>
      <line num="121" count="29" type="cond" truecount="3" falsecount="0"/>
      <line num="122" count="27" type="stmt"/>
      <line num="124" count="27" type="stmt"/>
      <line num="131" count="27" type="stmt"/>
      <line num="132" count="0" type="stmt"/>
      <line num="133" count="0" type="stmt"/>
      <line num="138" count="27" type="cond" truecount="2" falsecount="0"/>
      <line num="139" count="27" type="cond" truecount="3" falsecount="0"/>
      <line num="140" count="27" type="stmt"/>
      <line num="141" count="0" type="cond" truecount="0" falsecount="1"/>
      <line num="142" count="0" type="stmt"/>
      <line num="143" count="0" type="stmt"/>
      <line num="147" count="0" type="stmt"/>
      <line num="157" count="27" type="cond" truecount="0" falsecount="1"/>
      <line num="158" count="0" type="stmt"/>
      <line num="160" count="0" type="cond" truecount="0" falsecount="4"/>
      <line num="161" count="0" type="stmt"/>
      <line num="162" count="0" type="stmt"/>
      <line num="163" count="0" type="stmt"/>
      <line num="164" count="0" type="stmt"/>
      <line num="172" count="0" type="stmt"/>
      <line num="178" count="0" type="stmt"/>
      <line num="179" count="0" type="stmt"/>
      <line num="186" count="29" type="stmt"/>
      <line num="191" count="29" type="stmt"/>
      <line num="192" count="9" type="stmt"/>
      <line num="198" count="29" type="stmt"/>
      <line num="199" count="23" type="stmt"/>
      <line num="201" count="9" type="stmt"/>
    </file>
  </project>
</coverage>
