{"/Users/danny/src/dead-code-deleter/instrument/src/babel-plugin.ts": {"path":"/Users/danny/src/dead-code-deleter/instrument/src/babel-plugin.ts","statementMap":{"0":{"start":{"line":16,"column":0},"end":{"line":16,"column":24}},"1":{"start":{"line":2,"column":0},"end":{"line":2,"column":34}},"2":{"start":{"line":17,"column":2},"end":{"line":111,"column":4}},"3":{"start":{"line":23,"column":25},"end":{"line":23,"column":67}},"4":{"start":{"line":26,"column":8},"end":{"line":28,"column":9}},"5":{"start":{"line":27,"column":10},"end":{"line":27,"column":17}},"6":{"start":{"line":31,"column":31},"end":{"line":31,"column":59}},"7":{"start":{"line":34,"column":8},"end":{"line":46,"column":9}},"8":{"start":{"line":45,"column":10},"end":{"line":45,"column":17}},"9":{"start":{"line":49,"column":33},"end":{"line":63,"column":10}},"10":{"start":{"line":51,"column":10},"end":{"line":53,"column":11}},"11":{"start":{"line":52,"column":12},"end":{"line":52,"column":61}},"12":{"start":{"line":55,"column":10},"end":{"line":57,"column":11}},"13":{"start":{"line":56,"column":12},"end":{"line":56,"column":24}},"14":{"start":{"line":59,"column":10},"end":{"line":61,"column":11}},"15":{"start":{"line":60,"column":12},"end":{"line":60,"column":109}},"16":{"start":{"line":60,"column":52},"end":{"line":60,"column":107}},"17":{"start":{"line":62,"column":10},"end":{"line":62,"column":23}},"18":{"start":{"line":65,"column":8},"end":{"line":68,"column":9}},"19":{"start":{"line":67,"column":10},"end":{"line":67,"column":17}},"20":{"start":{"line":71,"column":8},"end":{"line":71,"column":34}},"21":{"start":{"line":74,"column":32},"end":{"line":76,"column":null}},"22":{"start":{"line":80,"column":26},"end":{"line":81,"column":null}},"23":{"start":{"line":81,"column":20},"end":{"line":81,"column":104}},"24":{"start":{"line":84,"column":8},"end":{"line":86,"column":9}},"25":{"start":{"line":85,"column":10},"end":{"line":85,"column":57}},"26":{"start":{"line":90,"column":8},"end":{"line":90,"column":75}},"27":{"start":{"line":95,"column":21},"end":{"line":95,"column":57}},"28":{"start":{"line":96,"column":8},"end":{"line":96,"column":46}},"29":{"start":{"line":100,"column":21},"end":{"line":100,"column":57}},"30":{"start":{"line":101,"column":8},"end":{"line":101,"column":46}},"31":{"start":{"line":105,"column":26},"end":{"line":105,"column":44}},"32":{"start":{"line":106,"column":27},"end":{"line":106,"column":46}},"33":{"start":{"line":107,"column":21},"end":{"line":107,"column":74}},"34":{"start":{"line":108,"column":8},"end":{"line":108,"column":46}},"35":{"start":{"line":118,"column":19},"end":{"line":118,"column":33}},"36":{"start":{"line":119,"column":2},"end":{"line":119,"column":24}},"37":{"start":{"line":119,"column":17},"end":{"line":119,"column":24}},"38":{"start":{"line":122,"column":2},"end":{"line":124,"column":3}},"39":{"start":{"line":123,"column":4},"end":{"line":123,"column":11}},"40":{"start":{"line":127,"column":15},"end":{"line":127,"column":29}},"41":{"start":{"line":128,"column":2},"end":{"line":135,"column":3}},"42":{"start":{"line":131,"column":28},"end":{"line":131,"column":67}},"43":{"start":{"line":132,"column":25},"end":{"line":132,"column":99}},"44":{"start":{"line":133,"column":4},"end":{"line":133,"column":94}},"45":{"start":{"line":134,"column":4},"end":{"line":134,"column":11}},"46":{"start":{"line":138,"column":2},"end":{"line":140,"column":3}},"47":{"start":{"line":139,"column":4},"end":{"line":139,"column":11}},"48":{"start":{"line":143,"column":15},"end":{"line":143,"column":45}},"49":{"start":{"line":144,"column":23},"end":{"line":144,"column":71}},"50":{"start":{"line":146,"column":2},"end":{"line":146,"column":57}},"51":{"start":{"line":153,"column":2},"end":{"line":157,"column":5}},"52":{"start":{"line":164,"column":2},"end":{"line":169,"column":4}},"53":{"start":{"line":176,"column":17},"end":{"line":176,"column":28}},"54":{"start":{"line":179,"column":2},"end":{"line":181,"column":3}},"55":{"start":{"line":180,"column":4},"end":{"line":180,"column":26}},"56":{"start":{"line":184,"column":2},"end":{"line":191,"column":3}},"57":{"start":{"line":185,"column":4},"end":{"line":187,"column":5}},"58":{"start":{"line":186,"column":6},"end":{"line":186,"column":29}},"59":{"start":{"line":188,"column":4},"end":{"line":190,"column":5}},"60":{"start":{"line":189,"column":6},"end":{"line":189,"column":30}},"61":{"start":{"line":194,"column":2},"end":{"line":196,"column":3}},"62":{"start":{"line":195,"column":4},"end":{"line":195,"column":27}},"63":{"start":{"line":199,"column":2},"end":{"line":201,"column":3}},"64":{"start":{"line":200,"column":4},"end":{"line":200,"column":28}},"65":{"start":{"line":204,"column":2},"end":{"line":206,"column":3}},"66":{"start":{"line":205,"column":4},"end":{"line":205,"column":21}},"67":{"start":{"line":208,"column":2},"end":{"line":208,"column":14}},"68":{"start":{"line":215,"column":20},"end":{"line":215,"column":91}},"69":{"start":{"line":215,"column":43},"end":{"line":215,"column":90}},"70":{"start":{"line":217,"column":2},"end":{"line":217,"column":30}},"71":{"start":{"line":217,"column":18},"end":{"line":217,"column":30}},"72":{"start":{"line":219,"column":20},"end":{"line":219,"column":76}},"73":{"start":{"line":221,"column":2},"end":{"line":223,"column":3}},"74":{"start":{"line":222,"column":4},"end":{"line":222,"column":29}},"75":{"start":{"line":226,"column":2},"end":{"line":231,"column":3}},"76":{"start":{"line":227,"column":19},"end":{"line":227,"column":35}},"77":{"start":{"line":228,"column":4},"end":{"line":230,"column":5}},"78":{"start":{"line":229,"column":6},"end":{"line":229,"column":28}},"79":{"start":{"line":233,"column":2},"end":{"line":233,"column":14}},"80":{"start":{"line":240,"column":14},"end":{"line":240,"column":27}},"81":{"start":{"line":242,"column":2},"end":{"line":244,"column":3}},"82":{"start":{"line":243,"column":4},"end":{"line":243,"column":20}},"83":{"start":{"line":246,"column":2},"end":{"line":248,"column":3}},"84":{"start":{"line":247,"column":4},"end":{"line":247,"column":21}},"85":{"start":{"line":250,"column":2},"end":{"line":250,"column":18}}},"fnMap":{"0":{"name":"instrumentationPlugin","decl":{"start":{"line":16,"column":24},"end":{"line":16,"column":45}},"loc":{"start":{"line":16,"column":45},"end":{"line":112,"column":1}}},"1":{"name":"(anonymous_10)","decl":{"start":{"line":21,"column":6},"end":{"line":21,"column":13}},"loc":{"start":{"line":21,"column":25},"end":{"line":87,"column":7}}},"2":{"name":"(anonymous_11)","decl":{"start":{"line":49,"column":53},"end":{"line":49,"column":54}},"loc":{"start":{"line":49,"column":62},"end":{"line":63,"column":9}}},"3":{"name":"(anonymous_12)","decl":{"start":{"line":60,"column":42},"end":{"line":60,"column":43}},"loc":{"start":{"line":60,"column":52},"end":{"line":60,"column":107}}},"4":{"name":"(anonymous_13)","decl":{"start":{"line":81,"column":10},"end":{"line":81,"column":11}},"loc":{"start":{"line":81,"column":20},"end":{"line":81,"column":104}}},"5":{"name":"(anonymous_14)","decl":{"start":{"line":89,"column":6},"end":{"line":89,"column":25}},"loc":{"start":{"line":89,"column":37},"end":{"line":91,"column":7}}},"6":{"name":"(anonymous_15)","decl":{"start":{"line":93,"column":6},"end":{"line":93,"column":24}},"loc":{"start":{"line":93,"column":36},"end":{"line":97,"column":7}}},"7":{"name":"(anonymous_16)","decl":{"start":{"line":99,"column":6},"end":{"line":99,"column":29}},"loc":{"start":{"line":99,"column":41},"end":{"line":102,"column":7}}},"8":{"name":"(anonymous_17)","decl":{"start":{"line":104,"column":6},"end":{"line":104,"column":17}},"loc":{"start":{"line":104,"column":29},"end":{"line":109,"column":7}}},"9":{"name":"instrumentFunction","decl":{"start":{"line":117,"column":9},"end":{"line":117,"column":27}},"loc":{"start":{"line":117,"column":96},"end":{"line":147,"column":1}}},"10":{"name":"createTrackingCall","decl":{"start":{"line":152,"column":9},"end":{"line":152,"column":27}},"loc":{"start":{"line":152,"column":80},"end":{"line":158,"column":1}}},"11":{"name":"isTrackingCall","decl":{"start":{"line":163,"column":9},"end":{"line":163,"column":23}},"loc":{"start":{"line":163,"column":46},"end":{"line":170,"column":1}}},"12":{"name":"getFunctionName","decl":{"start":{"line":175,"column":9},"end":{"line":175,"column":24}},"loc":{"start":{"line":175,"column":51},"end":{"line":209,"column":1}}},"13":{"name":"getClassName","decl":{"start":{"line":214,"column":9},"end":{"line":214,"column":21}},"loc":{"start":{"line":214,"column":51},"end":{"line":234,"column":1}}},"14":{"name":"(anonymous_23)","decl":{"start":{"line":215,"column":36},"end":{"line":215,"column":37}},"loc":{"start":{"line":215,"column":43},"end":{"line":215,"column":90}}},"15":{"name":"getMethodName","decl":{"start":{"line":239,"column":9},"end":{"line":239,"column":22}},"loc":{"start":{"line":239,"column":52},"end":{"line":251,"column":1}}}},"branchMap":{"0":{"loc":{"start":{"line":23,"column":25},"end":{"line":23,"column":67}},"type":"binary-expr","locations":[{"start":{"line":23,"column":25},"end":{"line":23,"column":39}},{"start":{"line":23,"column":43},"end":{"line":23,"column":67}}]},"1":{"loc":{"start":{"line":26,"column":8},"end":{"line":28,"column":9}},"type":"if","locations":[{"start":{"line":26,"column":8},"end":{"line":28,"column":9}}]},"2":{"loc":{"start":{"line":34,"column":8},"end":{"line":46,"column":9}},"type":"if","locations":[{"start":{"line":34,"column":8},"end":{"line":46,"column":9}}]},"3":{"loc":{"start":{"line":35,"column":10},"end":{"line":43,"column":43}},"type":"binary-expr","locations":[{"start":{"line":35,"column":10},"end":{"line":35,"column":51}},{"start":{"line":36,"column":10},"end":{"line":36,"column":50}},{"start":{"line":37,"column":10},"end":{"line":37,"column":57}},{"start":{"line":38,"column":10},"end":{"line":38,"column":54}},{"start":{"line":39,"column":10},"end":{"line":39,"column":53}},{"start":{"line":40,"column":10},"end":{"line":40,"column":56}},{"start":{"line":41,"column":10},"end":{"line":41,"column":55}},{"start":{"line":42,"column":10},"end":{"line":42,"column":44}},{"start":{"line":43,"column":10},"end":{"line":43,"column":43}}]},"4":{"loc":{"start":{"line":51,"column":10},"end":{"line":53,"column":11}},"type":"if","locations":[{"start":{"line":51,"column":10},"end":{"line":53,"column":11}}]},"5":{"loc":{"start":{"line":51,"column":14},"end":{"line":51,"column":91}},"type":"binary-expr","locations":[{"start":{"line":51,"column":14},"end":{"line":51,"column":46}},{"start":{"line":51,"column":50},"end":{"line":51,"column":91}}]},"6":{"loc":{"start":{"line":55,"column":10},"end":{"line":57,"column":11}},"type":"if","locations":[{"start":{"line":55,"column":10},"end":{"line":57,"column":11}}]},"7":{"loc":{"start":{"line":55,"column":14},"end":{"line":55,"column":76}},"type":"binary-expr","locations":[{"start":{"line":55,"column":14},"end":{"line":55,"column":43}},{"start":{"line":55,"column":47},"end":{"line":55,"column":76}}]},"8":{"loc":{"start":{"line":59,"column":10},"end":{"line":61,"column":11}},"type":"if","locations":[{"start":{"line":59,"column":10},"end":{"line":61,"column":11}}]},"9":{"loc":{"start":{"line":60,"column":52},"end":{"line":60,"column":107}},"type":"binary-expr","locations":[{"start":{"line":60,"column":52},"end":{"line":60,"column":75}},{"start":{"line":60,"column":79},"end":{"line":60,"column":107}}]},"10":{"loc":{"start":{"line":65,"column":8},"end":{"line":68,"column":9}},"type":"if","locations":[{"start":{"line":65,"column":8},"end":{"line":68,"column":9}}]},"11":{"loc":{"start":{"line":81,"column":20},"end":{"line":81,"column":104}},"type":"binary-expr","locations":[{"start":{"line":81,"column":20},"end":{"line":81,"column":47}},{"start":{"line":81,"column":51},"end":{"line":81,"column":104}}]},"12":{"loc":{"start":{"line":84,"column":8},"end":{"line":86,"column":9}},"type":"if","locations":[{"start":{"line":84,"column":8},"end":{"line":86,"column":9}}]},"13":{"loc":{"start":{"line":90,"column":40},"end":{"line":90,"column":73}},"type":"binary-expr","locations":[{"start":{"line":90,"column":40},"end":{"line":90,"column":58}},{"start":{"line":90,"column":62},"end":{"line":90,"column":73}}]},"14":{"loc":{"start":{"line":95,"column":21},"end":{"line":95,"column":57}},"type":"binary-expr","locations":[{"start":{"line":95,"column":21},"end":{"line":95,"column":42}},{"start":{"line":95,"column":46},"end":{"line":95,"column":57}}]},"15":{"loc":{"start":{"line":100,"column":21},"end":{"line":100,"column":57}},"type":"binary-expr","locations":[{"start":{"line":100,"column":21},"end":{"line":100,"column":42}},{"start":{"line":100,"column":46},"end":{"line":100,"column":57}}]},"16":{"loc":{"start":{"line":107,"column":21},"end":{"line":107,"column":74}},"type":"cond-expr","locations":[{"start":{"line":107,"column":33},"end":{"line":107,"column":61}},{"start":{"line":107,"column":64},"end":{"line":107,"column":74}}]},"17":{"loc":{"start":{"line":119,"column":2},"end":{"line":119,"column":24}},"type":"if","locations":[{"start":{"line":119,"column":2},"end":{"line":119,"column":24}}]},"18":{"loc":{"start":{"line":122,"column":2},"end":{"line":124,"column":3}},"type":"if","locations":[{"start":{"line":122,"column":2},"end":{"line":124,"column":3}}]},"19":{"loc":{"start":{"line":128,"column":2},"end":{"line":135,"column":3}},"type":"if","locations":[{"start":{"line":128,"column":2},"end":{"line":135,"column":3}}]},"20":{"loc":{"start":{"line":132,"column":68},"end":{"line":132,"column":98}},"type":"binary-expr","locations":[{"start":{"line":132,"column":68},"end":{"line":132,"column":93}},{"start":{"line":132,"column":97},"end":{"line":132,"column":98}}]},"21":{"loc":{"start":{"line":138,"column":2},"end":{"line":140,"column":3}},"type":"if","locations":[{"start":{"line":138,"column":2},"end":{"line":140,"column":3}}]},"22":{"loc":{"start":{"line":138,"column":6},"end":{"line":138,"column":58}},"type":"binary-expr","locations":[{"start":{"line":138,"column":6},"end":{"line":138,"column":26}},{"start":{"line":138,"column":30},"end":{"line":138,"column":58}}]},"23":{"loc":{"start":{"line":143,"column":15},"end":{"line":143,"column":45}},"type":"binary-expr","locations":[{"start":{"line":143,"column":15},"end":{"line":143,"column":40}},{"start":{"line":143,"column":44},"end":{"line":143,"column":45}}]},"24":{"loc":{"start":{"line":165,"column":4},"end":{"line":168,"column":52}},"type":"binary-expr","locations":[{"start":{"line":165,"column":4},"end":{"line":165,"column":38}},{"start":{"line":166,"column":4},"end":{"line":166,"column":44}},{"start":{"line":167,"column":4},"end":{"line":167,"column":47}},{"start":{"line":168,"column":4},"end":{"line":168,"column":52}}]},"25":{"loc":{"start":{"line":179,"column":2},"end":{"line":181,"column":3}},"type":"if","locations":[{"start":{"line":179,"column":2},"end":{"line":181,"column":3}}]},"26":{"loc":{"start":{"line":179,"column":6},"end":{"line":179,"column":65}},"type":"binary-expr","locations":[{"start":{"line":179,"column":6},"end":{"line":179,"column":36}},{"start":{"line":179,"column":40},"end":{"line":179,"column":65}}]},"27":{"loc":{"start":{"line":184,"column":2},"end":{"line":191,"column":3}},"type":"if","locations":[{"start":{"line":184,"column":2},"end":{"line":191,"column":3}}]},"28":{"loc":{"start":{"line":185,"column":4},"end":{"line":187,"column":5}},"type":"if","locations":[{"start":{"line":185,"column":4},"end":{"line":187,"column":5}}]},"29":{"loc":{"start":{"line":188,"column":4},"end":{"line":190,"column":5}},"type":"if","locations":[{"start":{"line":188,"column":4},"end":{"line":190,"column":5}}]},"30":{"loc":{"start":{"line":194,"column":2},"end":{"line":196,"column":3}},"type":"if","locations":[{"start":{"line":194,"column":2},"end":{"line":196,"column":3}}]},"31":{"loc":{"start":{"line":194,"column":6},"end":{"line":194,"column":61}},"type":"binary-expr","locations":[{"start":{"line":194,"column":6},"end":{"line":194,"column":31}},{"start":{"line":194,"column":35},"end":{"line":194,"column":61}}]},"32":{"loc":{"start":{"line":199,"column":2},"end":{"line":201,"column":3}},"type":"if","locations":[{"start":{"line":199,"column":2},"end":{"line":201,"column":3}}]},"33":{"loc":{"start":{"line":199,"column":6},"end":{"line":199,"column":69}},"type":"binary-expr","locations":[{"start":{"line":199,"column":6},"end":{"line":199,"column":38}},{"start":{"line":199,"column":42},"end":{"line":199,"column":69}}]},"34":{"loc":{"start":{"line":204,"column":2},"end":{"line":206,"column":3}},"type":"if","locations":[{"start":{"line":204,"column":2},"end":{"line":206,"column":3}}]},"35":{"loc":{"start":{"line":215,"column":43},"end":{"line":215,"column":90}},"type":"binary-expr","locations":[{"start":{"line":215,"column":43},"end":{"line":215,"column":65}},{"start":{"line":215,"column":69},"end":{"line":215,"column":90}}]},"36":{"loc":{"start":{"line":217,"column":2},"end":{"line":217,"column":30}},"type":"if","locations":[{"start":{"line":217,"column":2},"end":{"line":217,"column":30}}]},"37":{"loc":{"start":{"line":221,"column":2},"end":{"line":223,"column":3}},"type":"if","locations":[{"start":{"line":221,"column":2},"end":{"line":223,"column":3}}]},"38":{"loc":{"start":{"line":221,"column":6},"end":{"line":221,"column":53}},"type":"binary-expr","locations":[{"start":{"line":221,"column":6},"end":{"line":221,"column":37}},{"start":{"line":221,"column":41},"end":{"line":221,"column":53}}]},"39":{"loc":{"start":{"line":226,"column":2},"end":{"line":231,"column":3}},"type":"if","locations":[{"start":{"line":226,"column":2},"end":{"line":231,"column":3}}]},"40":{"loc":{"start":{"line":228,"column":4},"end":{"line":230,"column":5}},"type":"if","locations":[{"start":{"line":228,"column":4},"end":{"line":230,"column":5}}]},"41":{"loc":{"start":{"line":228,"column":8},"end":{"line":228,"column":67}},"type":"binary-expr","locations":[{"start":{"line":228,"column":8},"end":{"line":228,"column":38}},{"start":{"line":228,"column":42},"end":{"line":228,"column":67}}]},"42":{"loc":{"start":{"line":242,"column":2},"end":{"line":244,"column":3}},"type":"if","locations":[{"start":{"line":242,"column":2},"end":{"line":244,"column":3}}]},"43":{"loc":{"start":{"line":246,"column":2},"end":{"line":248,"column":3}},"type":"if","locations":[{"start":{"line":246,"column":2},"end":{"line":248,"column":3}}]}},"s":{"0":5,"1":5,"2":5,"3":38,"4":38,"5":0,"6":38,"7":38,"8":4,"9":34,"10":37,"11":3,"12":34,"13":1,"14":33,"15":7,"16":7,"17":26,"18":34,"19":3,"20":31,"21":31,"22":31,"23":32,"24":31,"25":30,"26":27,"27":4,"28":4,"29":6,"30":6,"31":6,"32":6,"33":6,"34":6,"35":43,"36":43,"37":0,"38":43,"39":3,"40":40,"41":40,"42":2,"43":2,"44":2,"45":2,"46":38,"47":1,"48":37,"49":37,"50":37,"51":39,"52":38,"53":10,"54":10,"55":5,"56":5,"57":0,"58":0,"59":0,"60":0,"61":5,"62":1,"63":4,"64":0,"65":4,"66":0,"67":4,"68":6,"69":12,"70":6,"71":0,"72":6,"73":6,"74":5,"75":1,"76":1,"77":1,"78":1,"79":0,"80":6,"81":6,"82":6,"83":0,"84":0,"85":0},"f":{"0":5,"1":38,"2":37,"3":7,"4":32,"5":27,"6":4,"7":6,"8":6,"9":43,"10":39,"11":38,"12":10,"13":6,"14":12,"15":6},"b":{"0":[38,0],"1":[0],"2":[4],"3":[38,37,37,37,37,36,36,36,35],"4":[3],"5":[37,3],"6":[1],"7":[34,16],"8":[7],"9":[7,7],"10":[3],"11":[32,1],"12":[30],"13":[27,1],"14":[4,3],"15":[6,1],"16":[6,0],"17":[0],"18":[3],"19":[2],"20":[2,0],"21":[1],"22":[38,38],"23":[37,0],"24":[38,6,3,1],"25":[5],"26":[10,5],"27":[0],"28":[0],"29":[0],"30":[1],"31":[5,1],"32":[0],"33":[4,0],"34":[0],"35":[12,7],"36":[0],"37":[5],"38":[6,5],"39":[1],"40":[1],"41":[1,1],"42":[6],"43":[0]}}
,"/Users/danny/src/dead-code-deleter/instrument/src/next.ts": {"path":"/Users/danny/src/dead-code-deleter/instrument/src/next.ts","statementMap":{"0":{"start":{"line":54,"column":0},"end":{"line":54,"column":24}},"1":{"start":{"line":118,"column":0},"end":{"line":118,"column":16}},"2":{"start":{"line":8,"column":16},"end":{"line":8,"column":42}},"3":{"start":{"line":10,"column":2},"end":{"line":23,"column":3}},"4":{"start":{"line":12,"column":4},"end":{"line":18,"column":5}},"5":{"start":{"line":13,"column":6},"end":{"line":17,"column":7}},"6":{"start":{"line":14,"column":8},"end":{"line":16,"column":9}},"7":{"start":{"line":15,"column":10},"end":{"line":15,"column":43}},"8":{"start":{"line":20,"column":4},"end":{"line":22,"column":5}},"9":{"start":{"line":21,"column":6},"end":{"line":21,"column":34}},"10":{"start":{"line":25,"column":2},"end":{"line":25,"column":16}},"11":{"start":{"line":32,"column":2},"end":{"line":34,"column":3}},"12":{"start":{"line":33,"column":4},"end":{"line":33,"column":21}},"13":{"start":{"line":35,"column":2},"end":{"line":37,"column":3}},"14":{"start":{"line":36,"column":4},"end":{"line":36,"column":29}},"15":{"start":{"line":40,"column":21},"end":{"line":40,"column":54}},"16":{"start":{"line":41,"column":20},"end":{"line":44,"column":4}},"17":{"start":{"line":42,"column":23},"end":{"line":42,"column":65}},"18":{"start":{"line":43,"column":4},"end":{"line":43,"column":100}},"19":{"start":{"line":46,"column":2},"end":{"line":48,"column":3}},"20":{"start":{"line":47,"column":4},"end":{"line":47,"column":41}},"21":{"start":{"line":64,"column":6},"end":{"line":64,"column":12}},"22":{"start":{"line":66,"column":2},"end":{"line":112,"column":4}},"23":{"start":{"line":68,"column":23},"end":{"line":68,"column":57}},"24":{"start":{"line":70,"column":4},"end":{"line":111,"column":6}},"25":{"start":{"line":86,"column":21},"end":{"line":86,"column":34}},"26":{"start":{"line":87,"column":8},"end":{"line":89,"column":9}},"27":{"start":{"line":88,"column":10},"end":{"line":88,"column":62}},"28":{"start":{"line":92,"column":28},"end":{"line":92,"column":56}},"29":{"start":{"line":94,"column":8},"end":{"line":96,"column":9}},"30":{"start":{"line":95,"column":10},"end":{"line":95,"column":30}},"31":{"start":{"line":97,"column":8},"end":{"line":99,"column":9}},"32":{"start":{"line":98,"column":10},"end":{"line":98,"column":36}},"33":{"start":{"line":102,"column":8},"end":{"line":102,"column":76}},"34":{"start":{"line":103,"column":8},"end":{"line":103,"column":84}},"35":{"start":{"line":109,"column":8},"end":{"line":109,"column":22}},"36":{"start":{"line":119,"column":2},"end":{"line":119,"column":39}}},"fnMap":{"0":{"name":"addBabelPlugin","decl":{"start":{"line":6,"column":9},"end":{"line":6,"column":23}},"loc":{"start":{"line":6,"column":35},"end":{"line":26,"column":1}}},"1":{"name":"injectBabelPlugin","decl":{"start":{"line":31,"column":9},"end":{"line":31,"column":26}},"loc":{"start":{"line":31,"column":35},"end":{"line":49,"column":1}}},"2":{"name":"(anonymous_2)","decl":{"start":{"line":41,"column":45},"end":{"line":41,"column":46}},"loc":{"start":{"line":41,"column":61},"end":{"line":44,"column":3}}},"3":{"name":"withInstrumentation","decl":{"start":{"line":54,"column":24},"end":{"line":54,"column":43}},"loc":{"start":{"line":55,"column":66},"end":{"line":113,"column":1}}},"4":{"name":"(anonymous_4)","decl":{"start":{"line":66,"column":9},"end":{"line":66,"column":19}},"loc":{"start":{"line":66,"column":50},"end":{"line":112,"column":3}}},"5":{"name":"(anonymous_5)","decl":{"start":{"line":84,"column":15},"end":{"line":84,"column":16}},"loc":{"start":{"line":84,"column":52},"end":{"line":110,"column":7}}},"6":{"name":"createInstrumentedConfig","decl":{"start":{"line":118,"column":16},"end":{"line":118,"column":40}},"loc":{"start":{"line":118,"column":105},"end":{"line":120,"column":1}}}},"branchMap":{"0":{"loc":{"start":{"line":8,"column":16},"end":{"line":8,"column":42}},"type":"binary-expr","locations":[{"start":{"line":8,"column":16},"end":{"line":8,"column":36}},{"start":{"line":8,"column":40},"end":{"line":8,"column":42}}]},"1":{"loc":{"start":{"line":12,"column":4},"end":{"line":18,"column":5}},"type":"if","locations":[{"start":{"line":12,"column":4},"end":{"line":18,"column":5}}]},"2":{"loc":{"start":{"line":14,"column":8},"end":{"line":16,"column":9}},"type":"if","locations":[{"start":{"line":14,"column":8},"end":{"line":16,"column":9}}]},"3":{"loc":{"start":{"line":20,"column":4},"end":{"line":22,"column":5}},"type":"if","locations":[{"start":{"line":20,"column":4},"end":{"line":22,"column":5}}]},"4":{"loc":{"start":{"line":32,"column":2},"end":{"line":34,"column":3}},"type":"if","locations":[{"start":{"line":32,"column":2},"end":{"line":34,"column":3}}]},"5":{"loc":{"start":{"line":35,"column":2},"end":{"line":37,"column":3}},"type":"if","locations":[{"start":{"line":35,"column":2},"end":{"line":37,"column":3}}]},"6":{"loc":{"start":{"line":42,"column":23},"end":{"line":42,"column":65}},"type":"cond-expr","locations":[{"start":{"line":42,"column":47},"end":{"line":42,"column":56}},{"start":{"line":42,"column":59},"end":{"line":42,"column":65}}]},"7":{"loc":{"start":{"line":43,"column":11},"end":{"line":43,"column":99}},"type":"binary-expr","locations":[{"start":{"line":43,"column":11},"end":{"line":43,"column":36}},{"start":{"line":43,"column":40},"end":{"line":43,"column":99}}]},"8":{"loc":{"start":{"line":46,"column":2},"end":{"line":48,"column":3}},"type":"if","locations":[{"start":{"line":46,"column":2},"end":{"line":48,"column":3}}]},"9":{"loc":{"start":{"line":55,"column":2},"end":{"line":55,"column":66}},"type":"default-arg","locations":[{"start":{"line":55,"column":64},"end":{"line":55,"column":66}}]},"10":{"loc":{"start":{"line":59,"column":4},"end":{"line":59,"column":25}},"type":"default-arg","locations":[{"start":{"line":59,"column":16},"end":{"line":59,"column":25}}]},"11":{"loc":{"start":{"line":60,"column":4},"end":{"line":60,"column":26}},"type":"default-arg","locations":[{"start":{"line":60,"column":21},"end":{"line":60,"column":26}}]},"12":{"loc":{"start":{"line":61,"column":4},"end":{"line":61,"column":18}},"type":"default-arg","locations":[{"start":{"line":61,"column":14},"end":{"line":61,"column":18}}]},"13":{"loc":{"start":{"line":62,"column":4},"end":{"line":62,"column":17}},"type":"default-arg","locations":[{"start":{"line":62,"column":12},"end":{"line":62,"column":17}}]},"14":{"loc":{"start":{"line":66,"column":19},"end":{"line":66,"column":50}},"type":"default-arg","locations":[{"start":{"line":66,"column":48},"end":{"line":66,"column":50}}]},"15":{"loc":{"start":{"line":68,"column":23},"end":{"line":68,"column":57}},"type":"binary-expr","locations":[{"start":{"line":68,"column":23},"end":{"line":68,"column":39}},{"start":{"line":68,"column":43},"end":{"line":68,"column":57}}]},"16":{"loc":{"start":{"line":76,"column":12},"end":{"line":76,"column":66}},"type":"binary-expr","locations":[{"start":{"line":76,"column":12},"end":{"line":76,"column":23}},{"start":{"line":76,"column":27},"end":{"line":76,"column":66}}]},"17":{"loc":{"start":{"line":87,"column":8},"end":{"line":89,"column":9}},"type":"if","locations":[{"start":{"line":87,"column":8},"end":{"line":89,"column":9}}]},"18":{"loc":{"start":{"line":94,"column":8},"end":{"line":96,"column":9}},"type":"if","locations":[{"start":{"line":94,"column":8},"end":{"line":96,"column":9}}]},"19":{"loc":{"start":{"line":97,"column":8},"end":{"line":99,"column":9}},"type":"if","locations":[{"start":{"line":97,"column":8},"end":{"line":99,"column":9}}]},"20":{"loc":{"start":{"line":118,"column":41},"end":{"line":118,"column":105}},"type":"default-arg","locations":[{"start":{"line":118,"column":103},"end":{"line":118,"column":105}}]}},"s":{"0":1,"1":1,"2":0,"3":0,"4":0,"5":0,"6":0,"7":0,"8":0,"9":0,"10":0,"11":0,"12":0,"13":0,"14":0,"15":0,"16":0,"17":0,"18":0,"19":0,"20":0,"21":11,"22":11,"23":10,"24":10,"25":3,"26":3,"27":1,"28":3,"29":3,"30":1,"31":3,"32":1,"33":3,"34":3,"35":3,"36":3},"f":{"0":0,"1":0,"2":0,"3":11,"4":10,"5":3,"6":3},"b":{"0":[0,0],"1":[0],"2":[0],"3":[0],"4":[0],"5":[0],"6":[0,0],"7":[0,0],"8":[0],"9":[1],"10":[3],"11":[10],"12":[10],"13":[10],"14":[3],"15":[10,9],"16":[10,3],"17":[1],"18":[1],"19":[1],"20":[1]}}
,"/Users/danny/src/dead-code-deleter/instrument/src/runtime.ts": {"path":"/Users/danny/src/dead-code-deleter/instrument/src/runtime.ts","statementMap":{"0":{"start":{"line":36,"column":0},"end":{"line":36,"column":16}},"1":{"start":{"line":191,"column":0},"end":{"line":191,"column":7}},"2":{"start":{"line":198,"column":0},"end":{"line":198,"column":16}},"3":{"start":{"line":7,"column":20},"end":{"line":7,"column":45}},"4":{"start":{"line":12,"column":48},"end":{"line":18,"column":2}},"5":{"start":{"line":20,"column":41},"end":{"line":20,"column":45}},"6":{"start":{"line":21,"column":20},"end":{"line":21,"column":25}},"7":{"start":{"line":27,"column":2},"end":{"line":29,"column":3}},"8":{"start":{"line":28,"column":4},"end":{"line":28,"column":48}},"9":{"start":{"line":37,"column":2},"end":{"line":37,"column":30}},"10":{"start":{"line":37,"column":23},"end":{"line":37,"column":30}},"11":{"start":{"line":39,"column":14},"end":{"line":39,"column":39}},"12":{"start":{"line":40,"column":23},"end":{"line":40,"column":48}},"13":{"start":{"line":41,"column":2},"end":{"line":41,"column":41}},"14":{"start":{"line":48,"column":2},"end":{"line":51,"column":3}},"15":{"start":{"line":49,"column":4},"end":{"line":49,"column":57}},"16":{"start":{"line":50,"column":4},"end":{"line":50,"column":11}},"17":{"start":{"line":53,"column":2},"end":{"line":56,"column":3}},"18":{"start":{"line":54,"column":4},"end":{"line":54,"column":41}},"19":{"start":{"line":55,"column":4},"end":{"line":55,"column":11}},"20":{"start":{"line":59,"column":37},"end":{"line":59,"column":39}},"21":{"start":{"line":60,"column":2},"end":{"line":68,"column":3}},"22":{"start":{"line":61,"column":34},"end":{"line":61,"column":48}},"23":{"start":{"line":62,"column":4},"end":{"line":67,"column":7}},"24":{"start":{"line":69,"column":2},"end":{"line":69,"column":22}},"25":{"start":{"line":71,"column":32},"end":{"line":75,"column":4}},"26":{"start":{"line":77,"column":2},"end":{"line":77,"column":64}},"27":{"start":{"line":78,"column":2},"end":{"line":78,"column":45}},"28":{"start":{"line":79,"column":2},"end":{"line":79,"column":43}},"29":{"start":{"line":80,"column":2},"end":{"line":80,"column":52}},"30":{"start":{"line":82,"column":2},"end":{"line":113,"column":3}},"31":{"start":{"line":83,"column":21},"end":{"line":89,"column":6}},"32":{"start":{"line":91,"column":4},"end":{"line":103,"column":5}},"33":{"start":{"line":92,"column":24},"end":{"line":92,"column":90}},"34":{"start":{"line":92,"column":58},"end":{"line":92,"column":89}},"35":{"start":{"line":93,"column":6},"end":{"line":100,"column":8}},"36":{"start":{"line":102,"column":6},"end":{"line":102,"column":48}},"37":{"start":{"line":105,"column":4},"end":{"line":112,"column":6}},"38":{"start":{"line":121,"column":2},"end":{"line":121,"column":47}},"39":{"start":{"line":121,"column":40},"end":{"line":121,"column":47}},"40":{"start":{"line":122,"column":2},"end":{"line":122,"column":23}},"41":{"start":{"line":124,"column":2},"end":{"line":128,"column":5}},"42":{"start":{"line":131,"column":2},"end":{"line":135,"column":28}},"43":{"start":{"line":132,"column":4},"end":{"line":134,"column":7}},"44":{"start":{"line":133,"column":6},"end":{"line":133,"column":63}},"45":{"start":{"line":138,"column":24},"end":{"line":138,"column":94}},"46":{"start":{"line":139,"column":2},"end":{"line":154,"column":3}},"47":{"start":{"line":140,"column":20},"end":{"line":148,"column":5}},"48":{"start":{"line":141,"column":6},"end":{"line":144,"column":7}},"49":{"start":{"line":142,"column":8},"end":{"line":142,"column":35}},"50":{"start":{"line":143,"column":8},"end":{"line":143,"column":27}},"51":{"start":{"line":147,"column":6},"end":{"line":147,"column":43}},"52":{"start":{"line":157,"column":2},"end":{"line":182,"column":3}},"53":{"start":{"line":158,"column":4},"end":{"line":181,"column":7}},"54":{"start":{"line":160,"column":6},"end":{"line":180,"column":7}},"55":{"start":{"line":161,"column":43},"end":{"line":161,"column":45}},"56":{"start":{"line":162,"column":8},"end":{"line":170,"column":9}},"57":{"start":{"line":163,"column":40},"end":{"line":163,"column":54}},"58":{"start":{"line":164,"column":10},"end":{"line":169,"column":13}},"59":{"start":{"line":172,"column":38},"end":{"line":176,"column":10}},"60":{"start":{"line":178,"column":8},"end":{"line":178,"column":74}},"61":{"start":{"line":179,"column":8},"end":{"line":179,"column":28}},"62":{"start":{"line":186,"column":0},"end":{"line":186,"column":13}},"63":{"start":{"line":192,"column":2},"end":{"line":192,"column":26}},"64":{"start":{"line":199,"column":2},"end":{"line":203,"column":4}},"65":{"start":{"line":201,"column":72},"end":{"line":201,"column":83}}},"fnMap":{"0":{"name":"debug","decl":{"start":{"line":26,"column":9},"end":{"line":26,"column":14}},"loc":{"start":{"line":26,"column":29},"end":{"line":30,"column":1}}},"1":{"name":"__trackFn","decl":{"start":{"line":36,"column":16},"end":{"line":36,"column":25}},"loc":{"start":{"line":36,"column":66},"end":{"line":42,"column":1}}},"2":{"name":"uploadUsageData","decl":{"start":{"line":47,"column":15},"end":{"line":47,"column":30}},"loc":{"start":{"line":47,"column":30},"end":{"line":114,"column":1}}},"3":{"name":"(anonymous_3)","decl":{"start":{"line":92,"column":52},"end":{"line":92,"column":55}},"loc":{"start":{"line":92,"column":58},"end":{"line":92,"column":89}}},"4":{"name":"initialize","decl":{"start":{"line":120,"column":9},"end":{"line":120,"column":19}},"loc":{"start":{"line":120,"column":19},"end":{"line":183,"column":1}}},"5":{"name":"(anonymous_5)","decl":{"start":{"line":131,"column":28},"end":{"line":131,"column":31}},"loc":{"start":{"line":131,"column":33},"end":{"line":135,"column":3}}},"6":{"name":"(anonymous_6)","decl":{"start":{"line":132,"column":28},"end":{"line":132,"column":29}},"loc":{"start":{"line":132,"column":36},"end":{"line":134,"column":5}}},"7":{"name":"(anonymous_7)","decl":{"start":{"line":140,"column":20},"end":{"line":140,"column":23}},"loc":{"start":{"line":140,"column":25},"end":{"line":148,"column":5}}},"8":{"name":"(anonymous_8)","decl":{"start":{"line":158,"column":44},"end":{"line":158,"column":47}},"loc":{"start":{"line":158,"column":49},"end":{"line":181,"column":5}}},"9":{"name":"flush","decl":{"start":{"line":191,"column":22},"end":{"line":191,"column":27}},"loc":{"start":{"line":191,"column":27},"end":{"line":193,"column":1}}},"10":{"name":"getStats","decl":{"start":{"line":198,"column":16},"end":{"line":198,"column":24}},"loc":{"start":{"line":198,"column":24},"end":{"line":204,"column":1}}},"11":{"name":"(anonymous_11)","decl":{"start":{"line":201,"column":56},"end":{"line":201,"column":57}},"loc":{"start":{"line":201,"column":72},"end":{"line":201,"column":83}}}},"branchMap":{"0":{"loc":{"start":{"line":13,"column":15},"end":{"line":13,"column":105}},"type":"binary-expr","locations":[{"start":{"line":13,"column":15},"end":{"line":13,"column":61}},{"start":{"line":13,"column":65},"end":{"line":13,"column":99}},{"start":{"line":13,"column":103},"end":{"line":13,"column":105}}]},"1":{"loc":{"start":{"line":14,"column":13},"end":{"line":14,"column":106}},"type":"binary-expr","locations":[{"start":{"line":14,"column":13},"end":{"line":14,"column":57}},{"start":{"line":14,"column":61},"end":{"line":14,"column":93}},{"start":{"line":14,"column":97},"end":{"line":14,"column":106}}]},"2":{"loc":{"start":{"line":15,"column":27},"end":{"line":15,"column":75}},"type":"binary-expr","locations":[{"start":{"line":15,"column":27},"end":{"line":15,"column":64}},{"start":{"line":15,"column":68},"end":{"line":15,"column":75}}]},"3":{"loc":{"start":{"line":27,"column":2},"end":{"line":29,"column":3}},"type":"if","locations":[{"start":{"line":27,"column":2},"end":{"line":29,"column":3}}]},"4":{"loc":{"start":{"line":37,"column":2},"end":{"line":37,"column":30}},"type":"if","locations":[{"start":{"line":37,"column":2},"end":{"line":37,"column":30}}]},"5":{"loc":{"start":{"line":40,"column":23},"end":{"line":40,"column":48}},"type":"binary-expr","locations":[{"start":{"line":40,"column":23},"end":{"line":40,"column":43}},{"start":{"line":40,"column":47},"end":{"line":40,"column":48}}]},"6":{"loc":{"start":{"line":48,"column":2},"end":{"line":51,"column":3}},"type":"if","locations":[{"start":{"line":48,"column":2},"end":{"line":51,"column":3}}]},"7":{"loc":{"start":{"line":53,"column":2},"end":{"line":56,"column":3}},"type":"if","locations":[{"start":{"line":53,"column":2},"end":{"line":56,"column":3}}]},"8":{"loc":{"start":{"line":91,"column":4},"end":{"line":103,"column":5}},"type":"if","locations":[{"start":{"line":91,"column":4},"end":{"line":103,"column":5}},{"start":{"line":101,"column":11},"end":{"line":103,"column":5}}]},"9":{"loc":{"start":{"line":121,"column":2},"end":{"line":121,"column":47}},"type":"if","locations":[{"start":{"line":121,"column":2},"end":{"line":121,"column":47}}]},"10":{"loc":{"start":{"line":121,"column":6},"end":{"line":121,"column":38}},"type":"binary-expr","locations":[{"start":{"line":121,"column":6},"end":{"line":121,"column":19}},{"start":{"line":121,"column":23},"end":{"line":121,"column":38}}]},"11":{"loc":{"start":{"line":138,"column":24},"end":{"line":138,"column":94}},"type":"binary-expr","locations":[{"start":{"line":138,"column":24},"end":{"line":138,"column":54}},{"start":{"line":138,"column":58},"end":{"line":138,"column":94}}]},"12":{"loc":{"start":{"line":139,"column":2},"end":{"line":154,"column":3}},"type":"if","locations":[{"start":{"line":139,"column":2},"end":{"line":154,"column":3}}]},"13":{"loc":{"start":{"line":139,"column":6},"end":{"line":139,"column":54}},"type":"binary-expr","locations":[{"start":{"line":139,"column":6},"end":{"line":139,"column":36}},{"start":{"line":139,"column":40},"end":{"line":139,"column":54}}]},"14":{"loc":{"start":{"line":141,"column":6},"end":{"line":144,"column":7}},"type":"if","locations":[{"start":{"line":141,"column":6},"end":{"line":144,"column":7}}]},"15":{"loc":{"start":{"line":157,"column":2},"end":{"line":182,"column":3}},"type":"if","locations":[{"start":{"line":157,"column":2},"end":{"line":182,"column":3}}]},"16":{"loc":{"start":{"line":160,"column":6},"end":{"line":180,"column":7}},"type":"if","locations":[{"start":{"line":160,"column":6},"end":{"line":180,"column":7}}]},"17":{"loc":{"start":{"line":160,"column":10},"end":{"line":160,"column":76}},"type":"binary-expr","locations":[{"start":{"line":160,"column":10},"end":{"line":160,"column":30}},{"start":{"line":160,"column":34},"end":{"line":160,"column":52}},{"start":{"line":160,"column":56},"end":{"line":160,"column":76}}]}},"s":{"0":29,"1":29,"2":29,"3":29,"4":29,"5":29,"6":29,"7":62,"8":1,"9":25,"10":1,"11":24,"12":24,"13":24,"14":9,"15":1,"16":1,"17":8,"18":1,"19":1,"20":7,"21":7,"22":10,"23":10,"24":7,"25":7,"26":7,"27":7,"28":7,"29":7,"30":7,"31":7,"32":6,"33":1,"34":0,"35":1,"36":5,"37":1,"38":29,"39":2,"40":27,"41":27,"42":27,"43":0,"44":0,"45":27,"46":27,"47":27,"48":0,"49":0,"50":0,"51":0,"52":27,"53":0,"54":0,"55":0,"56":0,"57":0,"58":0,"59":0,"60":0,"61":0,"62":29,"63":9,"64":23,"65":9},"f":{"0":62,"1":25,"2":9,"3":0,"4":29,"5":0,"6":0,"7":0,"8":0,"9":9,"10":23,"11":9},"b":{"0":[29,28,17],"1":[29,27,14],"2":[29,20],"3":[1],"4":[1],"5":[24,19],"6":[1],"7":[1],"8":[1,5],"9":[2],"10":[29,29],"11":[27,27],"12":[27],"13":[27,27],"14":[0],"15":[0],"16":[0],"17":[0,0,0]}}
}
