TN:
SF:src/babel-plugin.ts
FN:16,instrumentationPlugin
FN:21,(anonymous_10)
FN:49,(anonymous_11)
FN:60,(anonymous_12)
FN:81,(anonymous_13)
FN:89,(anonymous_14)
FN:93,(anonymous_15)
FN:99,(anonymous_16)
FN:104,(anonymous_17)
FN:117,instrumentFunction
FN:152,createTrackingCall
FN:163,isTrackingCall
FN:175,getFunctionName
FN:214,getClassName
FN:215,(anonymous_23)
FN:239,getMethodName
FNF:16
FNH:16
FNDA:5,instrumentationPlugin
FNDA:38,(anonymous_10)
FNDA:37,(anonymous_11)
FNDA:7,(anonymous_12)
FNDA:32,(anonymous_13)
FNDA:27,(anonymous_14)
FNDA:4,(anonymous_15)
FNDA:6,(anonymous_16)
FNDA:6,(anonymous_17)
FNDA:43,instrumentFunction
FNDA:39,createTrackingCall
FNDA:38,isTrackingCall
FNDA:10,getFunctionName
FNDA:6,getClassName
FNDA:12,(anonymous_23)
FNDA:6,getMethodName
DA:2,5
DA:16,5
DA:17,5
DA:23,38
DA:26,38
DA:27,0
DA:31,38
DA:34,38
DA:45,4
DA:49,34
DA:51,37
DA:52,3
DA:55,34
DA:56,1
DA:59,33
DA:60,7
DA:62,26
DA:65,34
DA:67,3
DA:71,31
DA:74,31
DA:80,31
DA:81,32
DA:84,31
DA:85,30
DA:90,27
DA:95,4
DA:96,4
DA:100,6
DA:101,6
DA:105,6
DA:106,6
DA:107,6
DA:108,6
DA:118,43
DA:119,43
DA:122,43
DA:123,3
DA:127,40
DA:128,40
DA:131,2
DA:132,2
DA:133,2
DA:134,2
DA:138,38
DA:139,1
DA:143,37
DA:144,37
DA:146,37
DA:153,39
DA:164,38
DA:176,10
DA:179,10
DA:180,5
DA:184,5
DA:185,0
DA:186,0
DA:188,0
DA:189,0
DA:194,5
DA:195,1
DA:199,4
DA:200,0
DA:204,4
DA:205,0
DA:208,4
DA:215,12
DA:217,6
DA:219,6
DA:221,6
DA:222,5
DA:226,1
DA:227,1
DA:228,1
DA:229,1
DA:233,0
DA:240,6
DA:242,6
DA:243,6
DA:246,0
DA:247,0
DA:250,0
LF:82
LH:71
BRDA:23,0,0,38
BRDA:23,0,1,0
BRDA:26,1,0,0
BRDA:34,2,0,4
BRDA:35,3,0,38
BRDA:35,3,1,37
BRDA:35,3,2,37
BRDA:35,3,3,37
BRDA:35,3,4,37
BRDA:35,3,5,36
BRDA:35,3,6,36
BRDA:35,3,7,36
BRDA:35,3,8,35
BRDA:51,4,0,3
BRDA:51,5,0,37
BRDA:51,5,1,3
BRDA:55,6,0,1
BRDA:55,7,0,34
BRDA:55,7,1,16
BRDA:59,8,0,7
BRDA:60,9,0,7
BRDA:60,9,1,7
BRDA:65,10,0,3
BRDA:81,11,0,32
BRDA:81,11,1,1
BRDA:84,12,0,30
BRDA:90,13,0,27
BRDA:90,13,1,1
BRDA:95,14,0,4
BRDA:95,14,1,3
BRDA:100,15,0,6
BRDA:100,15,1,1
BRDA:107,16,0,6
BRDA:107,16,1,0
BRDA:119,17,0,0
BRDA:122,18,0,3
BRDA:128,19,0,2
BRDA:132,20,0,2
BRDA:132,20,1,0
BRDA:138,21,0,1
BRDA:138,22,0,38
BRDA:138,22,1,38
BRDA:143,23,0,37
BRDA:143,23,1,0
BRDA:165,24,0,38
BRDA:165,24,1,6
BRDA:165,24,2,3
BRDA:165,24,3,1
BRDA:179,25,0,5
BRDA:179,26,0,10
BRDA:179,26,1,5
BRDA:184,27,0,0
BRDA:185,28,0,0
BRDA:188,29,0,0
BRDA:194,30,0,1
BRDA:194,31,0,5
BRDA:194,31,1,1
BRDA:199,32,0,0
BRDA:199,33,0,4
BRDA:199,33,1,0
BRDA:204,34,0,0
BRDA:215,35,0,12
BRDA:215,35,1,7
BRDA:217,36,0,0
BRDA:221,37,0,5
BRDA:221,38,0,6
BRDA:221,38,1,5
BRDA:226,39,0,1
BRDA:228,40,0,1
BRDA:228,41,0,1
BRDA:228,41,1,1
BRDA:242,42,0,6
BRDA:246,43,0,0
BRF:73
BRH:59
end_of_record
TN:
SF:src/next.ts
FN:6,addBabelPlugin
FN:31,injectBabelPlugin
FN:41,(anonymous_2)
FN:54,withInstrumentation
FN:66,(anonymous_4)
FN:84,(anonymous_5)
FN:118,createInstrumentedConfig
FNF:7
FNH:4
FNDA:0,addBabelPlugin
FNDA:0,injectBabelPlugin
FNDA:0,(anonymous_2)
FNDA:11,withInstrumentation
FNDA:10,(anonymous_4)
FNDA:3,(anonymous_5)
FNDA:3,createInstrumentedConfig
DA:8,0
DA:10,0
DA:12,0
DA:13,0
DA:14,0
DA:15,0
DA:20,0
DA:21,0
DA:25,0
DA:32,0
DA:33,0
DA:35,0
DA:36,0
DA:40,0
DA:41,0
DA:42,0
DA:43,0
DA:46,0
DA:47,0
DA:54,1
DA:64,11
DA:66,11
DA:68,10
DA:70,10
DA:86,3
DA:87,3
DA:88,1
DA:92,3
DA:94,3
DA:95,1
DA:97,3
DA:98,1
DA:102,3
DA:103,3
DA:109,3
DA:118,1
DA:119,3
LF:37
LH:18
BRDA:8,0,0,0
BRDA:8,0,1,0
BRDA:12,1,0,0
BRDA:14,2,0,0
BRDA:20,3,0,0
BRDA:32,4,0,0
BRDA:35,5,0,0
BRDA:42,6,0,0
BRDA:42,6,1,0
BRDA:43,7,0,0
BRDA:43,7,1,0
BRDA:46,8,0,0
BRDA:55,9,0,1
BRDA:59,10,0,3
BRDA:60,11,0,10
BRDA:61,12,0,10
BRDA:62,13,0,10
BRDA:66,14,0,3
BRDA:68,15,0,10
BRDA:68,15,1,9
BRDA:76,16,0,10
BRDA:76,16,1,3
BRDA:87,17,0,1
BRDA:94,18,0,1
BRDA:97,19,0,1
BRDA:118,20,0,1
BRF:26
BRH:14
end_of_record
TN:
SF:src/runtime.ts
FN:26,debug
FN:36,__trackFn
FN:47,uploadUsageData
FN:92,(anonymous_3)
FN:120,initialize
FN:131,(anonymous_5)
FN:132,(anonymous_6)
FN:140,(anonymous_7)
FN:158,(anonymous_8)
FN:191,flush
FN:198,getStats
FN:201,(anonymous_11)
FNF:12
FNH:7
FNDA:62,debug
FNDA:25,__trackFn
FNDA:9,uploadUsageData
FNDA:0,(anonymous_3)
FNDA:29,initialize
FNDA:0,(anonymous_5)
FNDA:0,(anonymous_6)
FNDA:0,(anonymous_7)
FNDA:0,(anonymous_8)
FNDA:9,flush
FNDA:23,getStats
FNDA:9,(anonymous_11)
DA:7,29
DA:12,29
DA:20,29
DA:21,29
DA:27,62
DA:28,1
DA:36,29
DA:37,25
DA:39,24
DA:40,24
DA:41,24
DA:48,9
DA:49,1
DA:50,1
DA:53,8
DA:54,1
DA:55,1
DA:59,7
DA:60,7
DA:61,10
DA:62,10
DA:69,7
DA:71,7
DA:77,7
DA:78,7
DA:79,7
DA:80,7
DA:82,7
DA:83,7
DA:91,6
DA:92,1
DA:93,1
DA:102,5
DA:105,1
DA:121,29
DA:122,27
DA:124,27
DA:131,27
DA:132,0
DA:133,0
DA:138,27
DA:139,27
DA:140,27
DA:141,0
DA:142,0
DA:143,0
DA:147,0
DA:157,27
DA:158,0
DA:160,0
DA:161,0
DA:162,0
DA:163,0
DA:164,0
DA:172,0
DA:178,0
DA:179,0
DA:186,29
DA:191,29
DA:192,9
DA:198,29
DA:199,23
DA:201,9
LF:63
LH:48
BRDA:13,0,0,29
BRDA:13,0,1,28
BRDA:13,0,2,17
BRDA:14,1,0,29
BRDA:14,1,1,27
BRDA:14,1,2,14
BRDA:15,2,0,29
BRDA:15,2,1,20
BRDA:27,3,0,1
BRDA:37,4,0,1
BRDA:40,5,0,24
BRDA:40,5,1,19
BRDA:48,6,0,1
BRDA:53,7,0,1
BRDA:91,8,0,1
BRDA:91,8,1,5
BRDA:121,9,0,2
BRDA:121,10,0,29
BRDA:121,10,1,29
BRDA:138,11,0,27
BRDA:138,11,1,27
BRDA:139,12,0,27
BRDA:139,13,0,27
BRDA:139,13,1,27
BRDA:141,14,0,0
BRDA:157,15,0,0
BRDA:160,16,0,0
BRDA:160,17,0,0
BRDA:160,17,1,0
BRDA:160,17,2,0
BRF:30
BRH:24
end_of_record
